1656454593481	geckodriver	INFO	Listening on 127.0.0.1:60199
1656454594539	mozrunner::runner	INFO	Running command: "/usr/bin/firefox" "--marionette" "--headless" "--no-sandbox" "--disable-dev-shm-usage" "--ignore-certificate-errors" "--disable-gpu" "--log-level=3" "--disable-notifications" "--disable-popup-blocking" "-no-remote" "-profile" "/tmp/rust_mozprofilewtXSdc"
*** You are running in headless mode.
1656454608183	Marionette	INFO	Marionette enabled
[GFX1-]: RenderCompositorSWGL failed mapping default framebuffer, no dt
console.warn: SearchSettings: "get: No settings file exists, new profile?" (new NotFoundError("Could not open the file at /tmp/rust_mozprofilewtXSdc/search.json.mozlz4", (void 0)))
Missing chrome or resource URL: resource://gre/modules/UpdateListener.jsm
1656454618364	Marionette	INFO	Listening on port 44129
Read port: 44129
1656454618700	RemoteAgent	WARN	TLS certificate errors will be ignored for this session
console.warn: LoginRecipes: "getRecipes: falling back to a synchronous message for:" "https://www.facebook.com"
console.warn: LoginRecipes: "getRecipes: falling back to a synchronous message for:" "https://www.facebook.com"
console.warn: LoginRecipes: "getRecipes: falling back to a synchronous message for:" "https://www.facebook.com"
console.warn: LoginRecipes: "getRecipes: falling back to a synchronous message for:" "https://www.facebook.com"
JavaScript warning: https://static.xx.fbcdn.net/rsrc.php/v3iqES4/yA/l/en_US/ALWiWBtWTpB.js?_nc_x=Ij3Wp8lg5Kz, line 20: WEBGL_debug_renderer_info is deprecated in Firefox and will be removed. Please use RENDERER.
1656454683161	Marionette	INFO	Stopped listening on port 44129
Missing chrome or resource URL: resource://gre/modules/UpdateListener.jsm
console.error: "Error during quit-application-granted: [Exception... \"File error: Not found\"  nsresult: \"0x80520012 (NS_ERROR_FILE_NOT_FOUND)\"  location: \"JS frame :: resource:///modules/BrowserGlue.jsm :: _onQuitApplicationGranted/tasks< :: line 1969\"  data: no]"

###!!! [Parent][PContentParent] Error: Send(msgname=PContent::Msg_DestroyBrowsingContextGroup) Closed channel: cannot send/recv

1656454833905	geckodriver	INFO	Listening on 127.0.0.1:49139
1656454834929	mozrunner::runner	INFO	Running command: "/usr/bin/firefox" "--marionette" "--headless" "--no-sandbox" "--disable-dev-shm-usage" "--ignore-certificate-errors" "--disable-gpu" "--log-level=3" "--disable-notifications" "--disable-popup-blocking" "-no-remote" "-profile" "/tmp/rust_mozprofileiucuGz"
*** You are running in headless mode.
1656454837305	Marionette	INFO	Marionette enabled
[GFX1-]: RenderCompositorSWGL failed mapping default framebuffer, no dt
console.warn: SearchSettings: "get: No settings file exists, new profile?" (new NotFoundError("Could not open the file at /tmp/rust_mozprofileiucuGz/search.json.mozlz4", (void 0)))
Missing chrome or resource URL: resource://gre/modules/UpdateListener.jsm
1656454841576	Marionette	INFO	Listening on port 38463
Read port: 38463
1656454841671	RemoteAgent	WARN	TLS certificate errors will be ignored for this session
console.warn: LoginRecipes: "getRecipes: falling back to a synchronous message for:" "https://www.facebook.com"
console.warn: LoginRecipes: "getRecipes: falling back to a synchronous message for:" "https://www.facebook.com"
JavaScript warning: https://static.xx.fbcdn.net/rsrc.php/v3iqES4/yA/l/en_US/ALWiWBtWTpB.js?_nc_x=Ij3Wp8lg5Kz, line 20: WEBGL_debug_renderer_info is deprecated in Firefox and will be removed. Please use RENDERER.
console.warn: LoginRecipes: "getRecipes: falling back to a synchronous message for:" "https://www.facebook.com"
console.warn: LoginRecipes: "getRecipes: falling back to a synchronous message for:" "https://www.facebook.com"
1656454904499	Marionette	INFO	Stopped listening on port 38463
Missing chrome or resource URL: resource://gre/modules/UpdateListener.jsm
console.error: "Error during quit-application-granted: [Exception... \"File error: Not found\"  nsresult: \"0x80520012 (NS_ERROR_FILE_NOT_FOUND)\"  location: \"JS frame :: resource:///modules/BrowserGlue.jsm :: _onQuitApplicationGranted/tasks< :: line 1969\"  data: no]"
1656455445377	geckodriver	INFO	Listening on 127.0.0.1:47499
1656455446392	mozrunner::runner	INFO	Running command: "/usr/bin/firefox" "--marionette" "--headless" "--no-sandbox" "--disable-dev-shm-usage" "--ignore-certificate-errors" "--disable-gpu" "--log-level=3" "--disable-notifications" "--disable-popup-blocking" "-no-remote" "-profile" "/tmp/rust_mozprofilenOBrQB"
*** You are running in headless mode.
1656455449243	Marionette	INFO	Marionette enabled
[GFX1-]: RenderCompositorSWGL failed mapping default framebuffer, no dt
console.warn: SearchSettings: "get: No settings file exists, new profile?" (new NotFoundError("Could not open the file at /tmp/rust_mozprofilenOBrQB/search.json.mozlz4", (void 0)))
Missing chrome or resource URL: resource://gre/modules/UpdateListener.jsm
1656455453324	Marionette	INFO	Listening on port 35339
Read port: 35339
1656455453797	RemoteAgent	WARN	TLS certificate errors will be ignored for this session
console.warn: LoginRecipes: "getRecipes: falling back to a synchronous message for:" "https://www.facebook.com"
console.warn: LoginRecipes: "getRecipes: falling back to a synchronous message for:" "https://www.facebook.com"
JavaScript warning: https://static.xx.fbcdn.net/rsrc.php/v3iqES4/yA/l/en_US/ALWiWBtWTpB.js?_nc_x=Ij3Wp8lg5Kz, line 20: WEBGL_debug_renderer_info is deprecated in Firefox and will be removed. Please use RENDERER.
console.warn: LoginRecipes: "getRecipes: falling back to a synchronous message for:" "https://www.facebook.com"
console.warn: LoginRecipes: "getRecipes: falling back to a synchronous message for:" "https://www.facebook.com"
1656455517568	Marionette	INFO	Stopped listening on port 35339
Missing chrome or resource URL: resource://gre/modules/UpdateListener.jsm
console.error: "Error during quit-application-granted: [Exception... \"File error: Not found\"  nsresult: \"0x80520012 (NS_ERROR_FILE_NOT_FOUND)\"  location: \"JS frame :: resource:///modules/BrowserGlue.jsm :: _onQuitApplicationGranted/tasks< :: line 1969\"  data: no]"

###!!! [Parent][PImageBridgeParent] Error: RunMessage(msgname=PImageBridge::Msg_WillClose) Channel closing: too late to send/recv, messages will be lost

Sandbox: Unexpected EOF, op 0 flags 00 path /proc/cpuinfo
1656455937805	geckodriver	INFO	Listening on 127.0.0.1:41229
1656455938836	mozrunner::runner	INFO	Running command: "/usr/bin/firefox" "--marionette" "--headless" "--no-sandbox" "--disable-dev-shm-usage" "--ignore-certificate-errors" "--disable-gpu" "--log-level=3" "--disable-notifications" "--disable-popup-blocking" "-no-remote" "-profile" "/tmp/rust_mozprofile0aREQR"
*** You are running in headless mode.
1656455941785	Marionette	INFO	Marionette enabled
[GFX1-]: RenderCompositorSWGL failed mapping default framebuffer, no dt
console.warn: SearchSettings: "get: No settings file exists, new profile?" (new NotFoundError("Could not open the file at /tmp/rust_mozprofile0aREQR/search.json.mozlz4", (void 0)))
Missing chrome or resource URL: resource://gre/modules/UpdateListener.jsm
1656455946059	Marionette	INFO	Listening on port 33635
Read port: 33635
1656455946432	RemoteAgent	WARN	TLS certificate errors will be ignored for this session
console.warn: LoginRecipes: "getRecipes: falling back to a synchronous message for:" "https://www.facebook.com"
console.warn: LoginRecipes: "getRecipes: falling back to a synchronous message for:" "https://www.facebook.com"
JavaScript warning: https://static.xx.fbcdn.net/rsrc.php/v3iqES4/yA/l/en_US/ALWiWBtWTpB.js?_nc_x=Ij3Wp8lg5Kz, line 20: WEBGL_debug_renderer_info is deprecated in Firefox and will be removed. Please use RENDERER.
console.warn: LoginRecipes: "getRecipes: falling back to a synchronous message for:" "https://www.facebook.com"
console.warn: LoginRecipes: "getRecipes: falling back to a synchronous message for:" "https://www.facebook.com"
1656456024024	Marionette	INFO	Stopped listening on port 33635
Missing chrome or resource URL: resource://gre/modules/UpdateListener.jsm
console.error: "Error during quit-application-granted: [Exception... \"File error: Not found\"  nsresult: \"0x80520012 (NS_ERROR_FILE_NOT_FOUND)\"  location: \"JS frame :: resource:///modules/BrowserGlue.jsm :: _onQuitApplicationGranted/tasks< :: line 1969\"  data: no]"

###!!! [Parent][PImageBridgeParent] Error: RunMessage(msgname=PImageBridge::Msg_WillClose) Channel closing: too late to send/recv, messages will be lost

1656456489104	geckodriver	INFO	Listening on 127.0.0.1:36427
1656456489139	mozrunner::runner	INFO	Running command: "/usr/bin/firefox" "--marionette" "--headless" "--no-sandbox" "--disable-dev-shm-usage" "--ignore-certificate-errors" "--disable-gpu" "--log-level=3" "--disable-notifications" "--disable-popup-blocking" "-no-remote" "-profile" "/tmp/rust_mozprofileMDtTFF"
*** You are running in headless mode.
1656456492557	Marionette	INFO	Marionette enabled
[GFX1-]: RenderCompositorSWGL failed mapping default framebuffer, no dt
console.warn: SearchSettings: "get: No settings file exists, new profile?" (new NotFoundError("Could not open the file at /tmp/rust_mozprofileMDtTFF/search.json.mozlz4", (void 0)))
Missing chrome or resource URL: resource://gre/modules/UpdateListener.jsm
1656456496690	Marionette	INFO	Listening on port 32919
Read port: 32919
1656456497182	RemoteAgent	WARN	TLS certificate errors will be ignored for this session
console.warn: LoginRecipes: "getRecipes: falling back to a synchronous message for:" "https://www.facebook.com"
console.warn: LoginRecipes: "getRecipes: falling back to a synchronous message for:" "https://www.facebook.com"
JavaScript warning: https://static.xx.fbcdn.net/rsrc.php/v3iqES4/yA/l/en_US/ALWiWBtWTpB.js?_nc_x=Ij3Wp8lg5Kz, line 20: WEBGL_debug_renderer_info is deprecated in Firefox and will be removed. Please use RENDERER.
console.warn: LoginRecipes: "getRecipes: falling back to a synchronous message for:" "https://www.facebook.com"
console.warn: LoginRecipes: "getRecipes: falling back to a synchronous message for:" "https://www.facebook.com"
1656492948628	geckodriver	INFO	Listening on 127.0.0.1:47047
1656492949820	mozrunner::runner	INFO	Running command: "/usr/bin/firefox" "--marionette" "--headless" "--no-sandbox" "--disable-dev-shm-usage" "--ignore-certificate-errors" "--disable-gpu" "--log-level=3" "--disable-notifications" "--disable-popup-blocking" "-no-remote" "-profile" "/tmp/rust_mozprofileZ6yjmB"
*** You are running in headless mode.
1656492995988	Marionette	INFO	Marionette enabled
console.error: Region.jsm: "Error fetching region" (new Error("TIMEOUT", "resource://gre/modules/Region.jsm", 767))
console.error: Region.jsm: "Failed to fetch region" (new Error("TIMEOUT", "resource://gre/modules/Region.jsm", 419))
[GFX1-]: RenderCompositorSWGL failed mapping default framebuffer, no dt
console.warn: SearchSettings: "get: No settings file exists, new profile?" (new NotFoundError("Could not open the file at /tmp/rust_mozprofileZ6yjmB/search.json.mozlz4", (void 0)))
Missing chrome or resource URL: resource://gre/modules/UpdateListener.jsm
1656493040100	Marionette	INFO	Listening on port 45151
Exiting due to channel error.
Exiting due to channel error.
Exiting due to channel error.
Exiting due to channel error.
Exiting due to channel error.
1656493108404	geckodriver	INFO	Listening on 127.0.0.1:39851
1656493108450	mozrunner::runner	INFO	Running command: "/usr/bin/firefox" "--marionette" "--headless" "--no-sandbox" "--disable-dev-shm-usage" "--ignore-certificate-errors" "--disable-gpu" "--log-level=3" "--disable-notifications" "--disable-popup-blocking" "-no-remote" "-profile" "/tmp/rust_mozprofileqK8hjv"
*** You are running in headless mode.
1656493125100	Marionette	INFO	Marionette enabled
[GFX1-]: RenderCompositorSWGL failed mapping default framebuffer, no dt
console.warn: SearchSettings: "get: No settings file exists, new profile?" (new NotFoundError("Could not open the file at /tmp/rust_mozprofileqK8hjv/search.json.mozlz4", (void 0)))
Missing chrome or resource URL: resource://gre/modules/UpdateListener.jsm
1656493133997	Marionette	INFO	Listening on port 39603
Read port: 39603
console.error: Region.jsm: "Error fetching region" (new Error("TIMEOUT", "resource://gre/modules/Region.jsm", 767))
console.error: Region.jsm: "Failed to fetch region" (new Error("TIMEOUT", "resource://gre/modules/Region.jsm", 419))
1656493135074	RemoteAgent	WARN	TLS certificate errors will be ignored for this session
console.warn: LoginRecipes: "getRecipes: falling back to a synchronous message for:" "https://www.facebook.com"
console.warn: LoginRecipes: "getRecipes: falling back to a synchronous message for:" "https://www.facebook.com"
JavaScript warning: https://static.xx.fbcdn.net/rsrc.php/v3iqES4/yA/l/en_US/ALWiWBtWTpB.js?_nc_x=Ij3Wp8lg5Kz, line 20: WEBGL_debug_renderer_info is deprecated in Firefox and will be removed. Please use RENDERER.
console.warn: LoginRecipes: "getRecipes: falling back to a synchronous message for:" "https://www.facebook.com"
console.warn: LoginRecipes: "getRecipes: falling back to a synchronous message for:" "https://www.facebook.com"
1656493215974	Marionette	INFO	Stopped listening on port 39603
Missing chrome or resource URL: resource://gre/modules/UpdateListener.jsm
console.error: "Error during quit-application-granted: [Exception... \"File error: Not found\"  nsresult: \"0x80520012 (NS_ERROR_FILE_NOT_FOUND)\"  location: \"JS frame :: resource:///modules/BrowserGlue.jsm :: _onQuitApplicationGranted/tasks< :: line 1969\"  data: no]"

###!!! [Parent][PImageBridgeParent] Error: RunMessage(msgname=PImageBridge::Msg_WillClose) Channel closing: too late to send/recv, messages will be lost

1656493285983	geckodriver	INFO	Listening on 127.0.0.1:39721
1656493287032	mozrunner::runner	INFO	Running command: "/usr/bin/firefox" "--marionette" "--headless" "--no-sandbox" "--disable-dev-shm-usage" "--ignore-certificate-errors" "--disable-gpu" "--log-level=3" "--disable-notifications" "--disable-popup-blocking" "-no-remote" "-profile" "/tmp/rust_mozprofileLsYxfh"
*** You are running in headless mode.
1656493289567	Marionette	INFO	Marionette enabled
[GFX1-]: RenderCompositorSWGL failed mapping default framebuffer, no dt
console.warn: SearchSettings: "get: No settings file exists, new profile?" (new NotFoundError("Could not open the file at /tmp/rust_mozprofileLsYxfh/search.json.mozlz4", (void 0)))
Missing chrome or resource URL: resource://gre/modules/UpdateListener.jsm
1656493295446	Marionette	INFO	Listening on port 40673
Read port: 40673
1656493295503	RemoteAgent	WARN	TLS certificate errors will be ignored for this session
console.error: Region.jsm: "Error fetching region" (new Error("TIMEOUT", "resource://gre/modules/Region.jsm", 767))
console.error: Region.jsm: "Failed to fetch region" (new Error("TIMEOUT", "resource://gre/modules/Region.jsm", 419))
console.warn: LoginRecipes: "getRecipes: falling back to a synchronous message for:" "https://www.facebook.com"
console.warn: LoginRecipes: "getRecipes: falling back to a synchronous message for:" "https://www.facebook.com"
console.warn: LoginRecipes: "getRecipes: falling back to a synchronous message for:" "https://www.facebook.com"
console.warn: LoginRecipes: "getRecipes: falling back to a synchronous message for:" "https://www.facebook.com"
JavaScript warning: https://static.xx.fbcdn.net/rsrc.php/v3iqES4/yA/l/en_US/ALWiWBtWTpB.js?_nc_x=Ij3Wp8lg5Kz, line 20: WEBGL_debug_renderer_info is deprecated in Firefox and will be removed. Please use RENDERER.
1656493398756	Marionette	INFO	Stopped listening on port 40673
Missing chrome or resource URL: resource://gre/modules/UpdateListener.jsm
console.error: "Error during quit-application-granted: [Exception... \"File error: Not found\"  nsresult: \"0x80520012 (NS_ERROR_FILE_NOT_FOUND)\"  location: \"JS frame :: resource:///modules/BrowserGlue.jsm :: _onQuitApplicationGranted/tasks< :: line 1969\"  data: no]"

###!!! [Parent][PImageBridgeParent] Error: RunMessage(msgname=PImageBridge::Msg_WillClose) Channel closing: too late to send/recv, messages will be lost

1656493528130	geckodriver	INFO	Listening on 127.0.0.1:43127
1656493529191	mozrunner::runner	INFO	Running command: "/usr/bin/firefox" "--marionette" "--headless" "--no-sandbox" "--disable-dev-shm-usage" "--ignore-certificate-errors" "--disable-gpu" "--log-level=3" "--disable-notifications" "--disable-popup-blocking" "-no-remote" "-profile" "/tmp/rust_mozprofileUKYRDZ"
*** You are running in headless mode.
1656493533006	Marionette	INFO	Marionette enabled
[GFX1-]: RenderCompositorSWGL failed mapping default framebuffer, no dt
console.warn: SearchSettings: "get: No settings file exists, new profile?" (new NotFoundError("Could not open the file at /tmp/rust_mozprofileUKYRDZ/search.json.mozlz4", (void 0)))
Missing chrome or resource URL: resource://gre/modules/UpdateListener.jsm
1656493538123	Marionette	INFO	Listening on port 41137
Read port: 41137
1656493538259	RemoteAgent	WARN	TLS certificate errors will be ignored for this session
console.warn: LoginRecipes: "getRecipes: falling back to a synchronous message for:" "https://www.facebook.com"
console.warn: LoginRecipes: "getRecipes: falling back to a synchronous message for:" "https://www.facebook.com"
JavaScript warning: https://static.xx.fbcdn.net/rsrc.php/v3iqES4/yA/l/en_US/ALWiWBtWTpB.js?_nc_x=Ij3Wp8lg5Kz, line 20: WEBGL_debug_renderer_info is deprecated in Firefox and will be removed. Please use RENDERER.
console.warn: LoginRecipes: "getRecipes: falling back to a synchronous message for:" "https://www.facebook.com"
console.warn: LoginRecipes: "getRecipes: falling back to a synchronous message for:" "https://www.facebook.com"
1656493622408	Marionette	INFO	Stopped listening on port 41137
Missing chrome or resource URL: resource://gre/modules/UpdateListener.jsm
console.error: "Error during quit-application-granted: [Exception... \"File error: Not found\"  nsresult: \"0x80520012 (NS_ERROR_FILE_NOT_FOUND)\"  location: \"JS frame :: resource:///modules/BrowserGlue.jsm :: _onQuitApplicationGranted/tasks< :: line 1969\"  data: no]"
1656493796683	geckodriver	INFO	Listening on 127.0.0.1:47061
1656493796742	mozrunner::runner	INFO	Running command: "/usr/bin/firefox" "--marionette" "--headless" "--no-sandbox" "--disable-dev-shm-usage" "--ignore-certificate-errors" "--disable-gpu" "--log-level=3" "--disable-notifications" "--disable-popup-blocking" "-no-remote" "-profile" "/tmp/rust_mozprofilefEUatv"
*** You are running in headless mode.
1656493799928	Marionette	INFO	Marionette enabled
[GFX1-]: RenderCompositorSWGL failed mapping default framebuffer, no dt
console.warn: SearchSettings: "get: No settings file exists, new profile?" (new NotFoundError("Could not open the file at /tmp/rust_mozprofilefEUatv/search.json.mozlz4", (void 0)))
Missing chrome or resource URL: resource://gre/modules/UpdateListener.jsm
1656493804632	Marionette	INFO	Listening on port 41241
Read port: 41241
1656493804766	RemoteAgent	WARN	TLS certificate errors will be ignored for this session
console.warn: LoginRecipes: "getRecipes: falling back to a synchronous message for:" "https://www.facebook.com"
console.warn: LoginRecipes: "getRecipes: falling back to a synchronous message for:" "https://www.facebook.com"
console.warn: LoginRecipes: "getRecipes: falling back to a synchronous message for:" "https://www.facebook.com"
console.warn: LoginRecipes: "getRecipes: falling back to a synchronous message for:" "https://www.facebook.com"
JavaScript warning: https://static.xx.fbcdn.net/rsrc.php/v3iqES4/yA/l/en_US/ALWiWBtWTpB.js?_nc_x=Ij3Wp8lg5Kz, line 20: WEBGL_debug_renderer_info is deprecated in Firefox and will be removed. Please use RENDERER.
1656493877570	Marionette	INFO	Stopped listening on port 41241
Missing chrome or resource URL: resource://gre/modules/UpdateListener.jsm
console.error: "Error during quit-application-granted: [Exception... \"File error: Not found\"  nsresult: \"0x80520012 (NS_ERROR_FILE_NOT_FOUND)\"  location: \"JS frame :: resource:///modules/BrowserGlue.jsm :: _onQuitApplicationGranted/tasks< :: line 1969\"  data: no]"

###!!! [Parent][PContentParent] Error: Send(msgname=PContent::Msg_DestroyBrowsingContextGroup) Closed channel: cannot send/recv


###!!! [Child][PContentChild] Error: RunMessage(msgname=PContent::Reply_DiscardBrowsingContext) Channel closing: too late to send/recv, messages will be lost


###!!! [Child][PContentChild] Error: RunMessage(msgname=PHttpChannel::Msg_DeleteSelf) Channel closing: too late to send/recv, messages will be lost

